<?xml version="1.0" encoding="UTF-8"?>
<!-- Generated by org.testng.reporters.JUnitReportReporter -->
<testsuite hostname="Zakirs-MacBook-Air.local" failures="0" tests="1" name="tests.OpentodosTest" time="1.299" errors="0" timestamp="2022-04-18T19:09:31 IST" skipped="0">
  <testcase classname="tests.OpentodosTest" name="OpentodosTest_init" time="1.299"/>
  <system-out>
    <![CDATA[The todos page is getting displayed


 The value Drink Water is entered in the textbox 



 Given value Drink Water is added to the todos list 




 The value Go for a walk is entered in the textbox 



 Given value Go for a walk is added to the todos list 




 The value Do Laundary is entered in the textbox 



 Given value Do Laundary is added to the todos list 




 The value EXERCISE Daily is entered in the textbox 



 Given value EXERCISE Daily is added to the todos list 




 The value Read a Book is entered in the textbox 



 Given value Read a Book is added to the todos list 

]]>
  </system-out>
</testsuite> <!-- tests.OpentodosTest -->
