<?xml version="1.0" encoding="UTF-8"?>
<!-- Generated by org.testng.reporters.JUnitReportReporter -->
<testsuite hostname="Zakirs-MacBook-Air.local" failures="0" tests="1" name="tests.FilteringtodosTest" time="0.445" errors="0" timestamp="2022-04-18T19:09:31 IST" skipped="0">
  <testcase classname="tests.FilteringtodosTest" name="FilteringtodosTest_init" time="0.445"/>
  <system-out>
    <![CDATA[
 Completed todo list items are displaying correctly 
[Go for a walk, Do Laundary]

 Active todo list items are displaying correctly 
[Read a Book]]]>
  </system-out>
</testsuite> <!-- tests.FilteringtodosTest -->
