<?xml version="1.0" encoding="UTF-8"?>
<!-- Generated by org.testng.reporters.JUnitReportReporter -->
<testsuite hostname="Zakirs-MacBook-Air.local" failures="0" tests="1" name="tests.CompletetodosTest" time="0.353" errors="0" timestamp="2022-04-18T19:09:31 IST" skipped="0">
  <testcase classname="tests.CompletetodosTest" name="CompletetodosTest_init" time="0.353"/>
  <system-out>
    <![CDATA[
 The item Go for a walk is marked complete in the list 


 The item count value is reduced to 4

 The todo list Go for a walk is striked through in the display 


 The item Do Laundary is marked complete in the list 


 The item count value is reduced to 3

 The todo list Do Laundary is striked through in the display 

Given todoslist is marked as complete]]>
  </system-out>
</testsuite> <!-- tests.CompletetodosTest -->
