<?xml version="1.0" encoding="UTF-8"?>
<!-- Generated by org.testng.reporters.JUnitReportReporter -->
<testsuite hostname="Zakirs-MacBook-Air.local" failures="0" tests="1" name="tests.DeletetodosTest" time="0.896" errors="0" timestamp="2022-04-18T19:09:31 IST" skipped="0">
  <testcase classname="tests.DeletetodosTest" name="DeletetodosTest_init" time="0.896"/>
  <system-out>
    <![CDATA[Given item Drink Water is not available in row 1
Given item Drink Water is not available in row 2
Given item Drink Water is not available in row 3
Given item Drink Water is not available in row 4
Itemlist reduced from 3 to 2
Given item EXERCISE Daily is not available in row 1
Given item EXERCISE Daily is not available in row 2
Given item EXERCISE Daily is not available in row 3
Itemlist reduced from 3 to 1]]>
  </system-out>
</testsuite> <!-- tests.DeletetodosTest -->
